[11:23:40] [main/WARN]: Ambiguity between arguments [teleport, destination] and [teleport, targets] with inputs: [Player, 0123, @e, dd12be42-52a9-4a91-a8a1-11c01849e498]
[11:23:40] [main/WARN]: Ambiguity between arguments [teleport, location] and [teleport, destination] with inputs: [0.1 -0.5 .9, 0 0 0]
[11:23:40] [main/WARN]: Ambiguity between arguments [teleport, location] and [teleport, targets] with inputs: [0.1 -0.5 .9, 0 0 0]
[11:23:40] [main/WARN]: Ambiguity between arguments [teleport, targets] and [teleport, destination] with inputs: [Player, 0123, dd12be42-52a9-4a91-a8a1-11c01849e498]
[11:23:40] [main/WARN]: Ambiguity between arguments [teleport, targets, location] and [teleport, targets, destination] with inputs: [0.1 -0.5 .9, 0 0 0]
[11:23:40] [Server thread/INFO]: Starting minecraft server version 1.15.1
[11:23:40] [Server thread/INFO]: Loading properties
[11:23:40] [Server thread/INFO]: Default game type: SURVIVAL
[11:23:40] [Server thread/INFO]: Generating keypair
[11:23:41] [Server thread/INFO]: Starting Minecraft server on *:25565
[11:23:41] [Server thread/INFO]: Using epoll channel type
[11:23:41] [Server thread/WARN]: **** SERVER IS RUNNING IN OFFLINE/INSECURE MODE!
[11:23:41] [Server thread/WARN]: The server will make no attempt to authenticate usernames. Beware.
[11:23:41] [Server thread/WARN]: While this makes the game possible to play without internet access, it also opens up the ability for hackers to connect with any username they choose.
[11:23:41] [Server thread/WARN]: To change this, set "online-mode" to "true" in the server.properties file.
[11:23:41] [Server thread/INFO]: Preparing level "world"
[11:23:41] [Server thread/INFO]: Reloading ResourceManager: Default
[11:23:45] [Server thread/INFO]: Loaded 6 recipes
[11:23:45] [Server thread/INFO]: Loaded 825 advancements
[11:23:46] [Server thread/INFO]: Preparing start region for dimension minecraft:overworld
[11:23:47] [Server thread/INFO]: Preparing spawn area: 0%
[11:23:47] [Server thread/INFO]: Preparing spawn area: 0%
[11:23:47] [Server thread/INFO]: Preparing spawn area: 0%
[11:23:47] [Server thread/INFO]: Time elapsed: 1561 ms
[11:23:47] [Server thread/INFO]: Done (6.276s)! For help, type "help"
[11:24:04] [Server thread/INFO]: mico19[/36.72.218.65:15223] logged in with entity id 144 at (-115.27691147994588, 71.0, 3.4572437682379573)
[11:24:04] [Server thread/INFO]: mico19 joined the game
[11:46:20] [Server thread/WARN]: Mismatch in destroy block pos: fk{x=-221, y=70, z=-3} fk{x=-221, y=68, z=-2}
[11:46:21] [Server thread/WARN]: Mismatch in destroy block pos: fk{x=-221, y=70, z=-3} fk{x=-221, y=68, z=-2}
[11:46:21] [Server thread/WARN]: Mismatch in destroy block pos: fk{x=-221, y=70, z=-2} fk{x=-221, y=68, z=-1}
[12:01:22] [Server thread/WARN]: Mismatch in destroy block pos: fk{x=-234, y=71, z=1} fk{x=-234, y=70, z=1}
[12:01:27] [Server thread/WARN]: Mismatch in destroy block pos: fk{x=-234, y=71, z=9} fk{x=-234, y=70, z=10}
[12:02:37] [Server console handler/ERROR]: Exception handling console input
java.io.IOException: Input/output error
	at java.io.FileInputStream.readBytes(Native Method) ~[?:?]
	at java.io.FileInputStream.read(FileInputStream.java:279) ~[?:?]
	at java.io.BufferedInputStream.read1(BufferedInputStream.java:290) ~[?:?]
	at java.io.BufferedInputStream.read(BufferedInputStream.java:351) ~[?:?]
	at sun.nio.cs.StreamDecoder.readBytes(StreamDecoder.java:284) ~[?:?]
	at sun.nio.cs.StreamDecoder.implRead(StreamDecoder.java:326) ~[?:?]
	at sun.nio.cs.StreamDecoder.read(StreamDecoder.java:178) ~[?:?]
	at java.io.InputStreamReader.read(InputStreamReader.java:185) ~[?:?]
	at java.io.BufferedReader.fill(BufferedReader.java:161) ~[?:?]
	at java.io.BufferedReader.readLine(BufferedReader.java:326) ~[?:?]
	at java.io.BufferedReader.readLine(BufferedReader.java:392) ~[?:?]
	at wd$2.run(SourceFile:109) [mcserver.jar:?]
